<?xml version="1.0" encoding="UTF-8"?>
<!-- Generated by org.testng.reporters.JUnitXMLReporter -->
<testsuite ignored="0" hostname="DESKTOP-H0PI4DT" failures="1" tests="5" name="Test" time="9.675" errors="0" timestamp="2022-04-25T19:38:59 IST">
  <testcase classname="testsNOP.LoginTest" name="login_with_passwordBlank" time="0.008"/>
  <testcase classname="testsNOP.LoginTest" name="login_with_userNameBlank" time="0.134"/>
  <testcase classname="testsNOP.LoginTest" name="verifyEmailLabel" time="0.096"/>
  <testcase classname="testsNOP.LoginTest" name="verifyEmailLabelText" time="0.033">
    <failure type="java.lang.AssertionError" message="verification of Label get failed, actual value are: Email: expected [Email] but found [Email:]">
      <![CDATA[java.lang.AssertionError: verification of Label get failed, actual value are: Email: expected [Email] but found [Email:]
at pageNOP.LoginPage.verifyEmailLabelText(LoginPage.java:60)
at testsNOP.LoginTest.verifyEmailLabelText(LoginTest.java:31)
at java.base/java.util.ArrayList.forEach(ArrayList.java:1511)
... Removed 32 stack frames]]>
    </failure>
  </testcase> <!-- verifyEmailLabelText -->
  <testcase classname="testsNOP.LoginTest" name="login_with_validcred" time="0.139"/>
</testsuite> <!-- Test -->
